[05/Feb/2021 09:40:22] DEBUG [users:28] id01
[05/Feb/2021 10:01:31] DEBUG [users:28] id01
[05/Feb/2021 10:01:49] DEBUG [users:28] id01
[05/Feb/2021 10:01:57] DEBUG [users:28] id01
[05/Feb/2021 10:01:59] DEBUG [users:28] id01
[05/Feb/2021 10:02:07] DEBUG [users:28] id01
[05/Feb/2021 10:02:23] DEBUG [users:28] id01
[05/Feb/2021 10:06:15] DEBUG [users:28] id01
[05/Feb/2021 10:11:10] DEBUG [users:28] id01
[05/Feb/2021 10:11:13] DEBUG [users:28] id01
[05/Feb/2021 10:13:39] DEBUG [users:28] id01
[05/Feb/2021 10:14:33] DEBUG [users:28] id01
[05/Feb/2021 10:14:39] DEBUG [users:28] id01
[05/Feb/2021 10:15:51] DEBUG [users:28] id01
[05/Feb/2021 10:17:00] DEBUG [users:28] id01
[05/Feb/2021 10:17:31] DEBUG [users:28] id01
[05/Feb/2021 11:34:30] DEBUG [users:28] id01
[05/Feb/2021 11:35:26] DEBUG [users:28] id01
[05/Feb/2021 11:57:38] DEBUG [users:31] id02
[05/Feb/2021 12:09:56] DEBUG [users:31] id01
[05/Feb/2021 14:03:49] DEBUG [users:31] id01
[05/Feb/2021 14:10:19] DEBUG [users:31] id01
[05/Feb/2021 14:14:03] DEBUG [users:31] id01
[05/Feb/2021 14:38:40] DEBUG [users:31] id02
[05/Feb/2021 14:41:12] DEBUG [users:31] id01
[05/Feb/2021 14:42:54] DEBUG [users:31] id01
[05/Feb/2021 14:46:36] DEBUG [users:31] id03
[05/Feb/2021 14:46:55] DEBUG [users:31] id01
[05/Feb/2021 14:51:02] DEBUG [users:31] ddd
[05/Feb/2021 16:14:24] DEBUG [users:31] id11
[05/Feb/2021 17:07:20] DEBUG [users:31] id01
[05/Feb/2021 17:14:12] DEBUG [users:31] id02
[05/Feb/2021 17:15:18] DEBUG [users:31] id02
[08/Feb/2021 09:29:39] DEBUG [users:32] id04
[08/Feb/2021 10:06:26] DEBUG [users:32] id01
[08/Feb/2021 13:49:23] DEBUG [users:32] id01
[08/Feb/2021 14:18:42] DEBUG [users:32] id01
[08/Feb/2021 14:18:54] DEBUG [users:32] id20
[08/Feb/2021 16:06:09] DEBUG [users:32] id01
[08/Feb/2021 16:06:21] DEBUG [users:32] id01
[08/Feb/2021 16:10:22] DEBUG [users:32] id02
[08/Feb/2021 16:15:10] DEBUG [users:32] id03
[08/Feb/2021 16:16:06] DEBUG [users:32] id03
[08/Feb/2021 16:24:14] DEBUG [users:32] id02
[10/Feb/2021 09:58:19] DEBUG [users:32] id01
[10/Feb/2021 13:04:32] DEBUG [users:33] id01
[10/Feb/2021 17:42:32] DEBUG [users:33] id01
[13/Feb/2021 14:19:41] DEBUG [users:33] id02
[14/Feb/2021 14:06:30] DEBUG [users:34] id01
[14/Feb/2021 14:17:36] DEBUG [users:34] id01
[14/Feb/2021 18:17:53] DEBUG [users:34] id03
[14/Feb/2021 21:57:58] DEBUG [users:34] id03
[14/Feb/2021 21:58:10] DEBUG [users:34] id03
<<<<<<< HEAD
[16/Feb/2021 10:31:43] DEBUG [users:41] idnew
=======
[15/Feb/2021 09:14:06] DEBUG [users:34] id04
[15/Feb/2021 13:52:47] DEBUG [users:34] id03
[15/Feb/2021 13:55:13] DEBUG [users:34] id03
[15/Feb/2021 14:00:56] DEBUG [users:34] id03
[15/Feb/2021 14:02:17] DEBUG [users:34] id03
[15/Feb/2021 14:08:49] DEBUG [users:34] id03
[15/Feb/2021 14:19:41] DEBUG [users:34] id03
[15/Feb/2021 14:20:56] DEBUG [users:34] id03
[15/Feb/2021 14:21:30] DEBUG [users:34] id03
[15/Feb/2021 16:49:25] DEBUG [users:34] id03
[15/Feb/2021 16:50:07] DEBUG [users:34] id03
[15/Feb/2021 19:28:24] DEBUG [users:34] id03
[15/Feb/2021 21:11:28] DEBUG [users:34] id07
[15/Feb/2021 22:56:31] DEBUG [users:34] id06
[16/Feb/2021 07:12:51] DEBUG [users:34] id03
[16/Feb/2021 10:42:09] DEBUG [users:41] id03
[16/Feb/2021 10:44:07] DEBUG [users:41] id03
>>>>>>> master
[16/Feb/2021 12:51:53] DEBUG [users:41] id03
[16/Feb/2021 13:01:23] DEBUG [users:41] id03
[16/Feb/2021 13:08:22] DEBUG [users:41] id03
[16/Feb/2021 13:22:39] DEBUG [users:41] id03
[16/Feb/2021 13:32:46] DEBUG [users:41] id03
[16/Feb/2021 14:20:54] DEBUG [users:41] id03
[16/Feb/2021 14:30:52] DEBUG [users:41] id03
